<?xml version="1.0" encoding="UTF-8"?>
<!-- Generated by org.testng.reporters.JUnitXMLReporter -->
<testsuite ignored="0" hostname="NSL-6578" failures="0" tests="3" name="Test2" time="5.601" errors="0" timestamp="2022-06-19T15:55:32 IST">
  <testcase classname="io.cucumber.testng.AbstractTestNGCucumberTests" name="runScenario" time="1.363"/>
  <testcase classname="io.cucumber.testng.AbstractTestNGCucumberTests" name="runScenario" time="1.105"/>
  <testcase classname="Runner.Runner2" name="runScenarios" time="0.003"/>
</testsuite> <!-- Test2 -->
