<?xml version="1.0" encoding="UTF-8"?>
<testng-results ignored="0" total="2" passed="2" failed="0" skipped="0">
  <reporter-output>
  </reporter-output>
  <suite started-at="2022-06-10T13:50:57 IST" name="Suite" finished-at="2022-06-10T13:51:10 IST" duration-ms="12650">
    <groups>
      <group name="cucumber">
        <method signature="AbstractTestNGCucumberTests.runScenario(io.cucumber.testng.PickleWrapper,io.cucumber.testng.FeatureWrapper)[pri:0, instance:cucumberWithTestNG.Runner.TestRunner@2ddc8ecb]" name="runScenario" class="io.cucumber.testng.AbstractTestNGCucumberTests"/>
      </group> <!-- cucumber -->
    </groups>
    <test started-at="2022-06-10T13:50:57 IST" name="Test" finished-at="2022-06-10T13:51:10 IST" duration-ms="12650">
      <class name="cucumberWithTestNG.Runner.TestRunner">
        <test-method is-config="true" signature="setUpClass(org.testng.ITestContext)[pri:0, instance:cucumberWithTestNG.Runner.TestRunner@2ddc8ecb]" started-at="2022-06-10T13:50:57 IST" name="setUpClass" finished-at="2022-06-10T13:50:57 IST" duration-ms="291" status="PASS">
          <params>
            <param index="0">
              <value>
                <![CDATA[org.testng.TestRunner@712ca57b]]>
              </value>
            </param>
          </params>
          <reporter-output>
          </reporter-output>
        </test-method> <!-- setUpClass -->
        <test-method is-config="true" signature="setUPClass()[pri:0, instance:cucumberWithTestNG.Runner.TestRunner@2ddc8ecb]" started-at="2022-06-10T13:50:57 IST" name="setUPClass" finished-at="2022-06-10T13:50:57 IST" duration-ms="11" status="PASS">
          <reporter-output>
          </reporter-output>
        </test-method> <!-- setUPClass -->
        <test-method signature="runScenario(io.cucumber.testng.PickleWrapper,io.cucumber.testng.FeatureWrapper)[pri:0, instance:cucumberWithTestNG.Runner.TestRunner@2ddc8ecb]" started-at="2022-06-10T13:50:57 IST" name="runScenario" description="Runs Cucumber Scenarios" data-provider="scenarios" finished-at="2022-06-10T13:51:10 IST" duration-ms="12302" status="PASS">
          <params>
            <param index="0">
              <value>
                <![CDATA["Search product"]]>
              </value>
            </param>
            <param index="1">
              <value>
                <![CDATA["Optional[To be able to purchase a product in amazon]"]]>
              </value>
            </param>
          </params>
          <reporter-output>
          </reporter-output>
        </test-method> <!-- runScenario -->
        <test-method signature="runScenarios()[pri:0, instance:cucumberWithTestNG.Runner.TestRunner@2ddc8ecb]" started-at="2022-06-10T13:51:10 IST" name="runScenarios" finished-at="2022-06-10T13:51:10 IST" duration-ms="0" status="PASS">
          <reporter-output>
          </reporter-output>
        </test-method> <!-- runScenarios -->
        <test-method is-config="true" signature="afterClass()[pri:0, instance:cucumberWithTestNG.Runner.TestRunner@2ddc8ecb]" started-at="2022-06-10T13:51:10 IST" name="afterClass" finished-at="2022-06-10T13:51:10 IST" duration-ms="15" status="PASS">
          <reporter-output>
          </reporter-output>
        </test-method> <!-- afterClass -->
        <test-method is-config="true" signature="tearDownClass()[pri:0, instance:cucumberWithTestNG.Runner.TestRunner@2ddc8ecb]" started-at="2022-06-10T13:51:10 IST" name="tearDownClass" finished-at="2022-06-10T13:51:10 IST" duration-ms="4" status="PASS">
          <reporter-output>
          </reporter-output>
        </test-method> <!-- tearDownClass -->
      </class> <!-- cucumberWithTestNG.Runner.TestRunner -->
    </test> <!-- Test -->
  </suite> <!-- Suite -->
</testng-results>
